Analysis & Synthesis report for lab8
Fri May 17 22:40:02 2019
Quartus Prime Version 18.0.0 Build 614 04/24/2018 SJ Lite Edition


---------------------
; Table of Contents ;
---------------------
  1. Legal Notice
  2. Analysis & Synthesis Summary
  3. Analysis & Synthesis Settings
  4. Parallel Compilation
  5. Analysis & Synthesis Source Files Read
  6. Analysis & Synthesis Resource Usage Summary
  7. Analysis & Synthesis Resource Utilization by Entity
  8. General Register Statistics
  9. Multiplexer Restructuring Statistics (Restructuring Performed)
 10. Post-Synthesis Netlist Statistics for Top Partition
 11. Elapsed Time Per Partition
 12. Analysis & Synthesis Messages



----------------
; Legal Notice ;
----------------
Copyright (C) 2018  Intel Corporation. All rights reserved.
Your use of Intel Corporation's design tools, logic functions 
and other software and tools, and its AMPP partner logic 
functions, and any output files from any of the foregoing 
(including device programming or simulation files), and any 
associated documentation or information are expressly subject 
to the terms and conditions of the Intel Program License 
Subscription Agreement, the Intel Quartus Prime License Agreement,
the Intel FPGA IP License Agreement, or other applicable license
agreement, including, without limitation, that your use is for
the sole purpose of programming logic devices manufactured by
Intel and sold by Intel or its authorized distributors.  Please
refer to the applicable agreement for further details.



+----------------------------------------------------------------------------------+
; Analysis & Synthesis Summary                                                     ;
+------------------------------------+---------------------------------------------+
; Analysis & Synthesis Status        ; Successful - Fri May 17 22:40:02 2019       ;
; Quartus Prime Version              ; 18.0.0 Build 614 04/24/2018 SJ Lite Edition ;
; Revision Name                      ; lab8                                        ;
; Top-level Entity Name              ; SCP                                         ;
; Family                             ; MAX 10                                      ;
; Total logic elements               ; 3,411                                       ;
;     Total combinational functions  ; 1,939                                       ;
;     Dedicated logic registers      ; 1,569                                       ;
; Total registers                    ; 1569                                        ;
; Total pins                         ; 211                                         ;
; Total virtual pins                 ; 0                                           ;
; Total memory bits                  ; 0                                           ;
; Embedded Multiplier 9-bit elements ; 0                                           ;
; Total PLLs                         ; 0                                           ;
; UFM blocks                         ; 0                                           ;
; ADC blocks                         ; 0                                           ;
+------------------------------------+---------------------------------------------+


+------------------------------------------------------------------------------------------------------------+
; Analysis & Synthesis Settings                                                                              ;
+------------------------------------------------------------------+--------------------+--------------------+
; Option                                                           ; Setting            ; Default Value      ;
+------------------------------------------------------------------+--------------------+--------------------+
; Device                                                           ; 10M08DAF484C8G     ;                    ;
; Top-level entity name                                            ; SCP                ; lab8               ;
; Family name                                                      ; MAX 10             ; Cyclone V          ;
; VHDL Show LMF Mapping Messages                                   ; Off                ;                    ;
; VHDL Version                                                     ; VHDL_2008          ; VHDL_1993          ;
; Block Design Naming                                              ; QuartusII          ; Auto               ;
; Use smart compilation                                            ; Off                ; Off                ;
; Enable parallel Assembler and Timing Analyzer during compilation ; On                 ; On                 ;
; Enable compact report table                                      ; Off                ; Off                ;
; Restructure Multiplexers                                         ; Auto               ; Auto               ;
; Create Debugging Nodes for IP Cores                              ; Off                ; Off                ;
; Preserve fewer node names                                        ; On                 ; On                 ;
; Intel FPGA IP Evaluation Mode                                    ; Enable             ; Enable             ;
; Verilog Version                                                  ; Verilog_2001       ; Verilog_2001       ;
; State Machine Processing                                         ; Auto               ; Auto               ;
; Safe State Machine                                               ; Off                ; Off                ;
; Extract Verilog State Machines                                   ; On                 ; On                 ;
; Extract VHDL State Machines                                      ; On                 ; On                 ;
; Ignore Verilog initial constructs                                ; Off                ; Off                ;
; Iteration limit for constant Verilog loops                       ; 5000               ; 5000               ;
; Iteration limit for non-constant Verilog loops                   ; 250                ; 250                ;
; Add Pass-Through Logic to Inferred RAMs                          ; On                 ; On                 ;
; Infer RAMs from Raw Logic                                        ; On                 ; On                 ;
; Parallel Synthesis                                               ; On                 ; On                 ;
; DSP Block Balancing                                              ; Auto               ; Auto               ;
; NOT Gate Push-Back                                               ; On                 ; On                 ;
; Power-Up Don't Care                                              ; On                 ; On                 ;
; Remove Redundant Logic Cells                                     ; Off                ; Off                ;
; Remove Duplicate Registers                                       ; On                 ; On                 ;
; Ignore CARRY Buffers                                             ; Off                ; Off                ;
; Ignore CASCADE Buffers                                           ; Off                ; Off                ;
; Ignore GLOBAL Buffers                                            ; Off                ; Off                ;
; Ignore ROW GLOBAL Buffers                                        ; Off                ; Off                ;
; Ignore LCELL Buffers                                             ; Off                ; Off                ;
; Ignore SOFT Buffers                                              ; On                 ; On                 ;
; Limit AHDL Integers to 32 Bits                                   ; Off                ; Off                ;
; Optimization Technique                                           ; Balanced           ; Balanced           ;
; Carry Chain Length                                               ; 70                 ; 70                 ;
; Auto Carry Chains                                                ; On                 ; On                 ;
; Auto Open-Drain Pins                                             ; On                 ; On                 ;
; Perform WYSIWYG Primitive Resynthesis                            ; Off                ; Off                ;
; Auto ROM Replacement                                             ; On                 ; On                 ;
; Auto RAM Replacement                                             ; On                 ; On                 ;
; Auto DSP Block Replacement                                       ; On                 ; On                 ;
; Auto Shift Register Replacement                                  ; Auto               ; Auto               ;
; Allow Shift Register Merging across Hierarchies                  ; Auto               ; Auto               ;
; Auto Clock Enable Replacement                                    ; On                 ; On                 ;
; Strict RAM Replacement                                           ; Off                ; Off                ;
; Allow Synchronous Control Signals                                ; On                 ; On                 ;
; Force Use of Synchronous Clear Signals                           ; Off                ; Off                ;
; Auto RAM Block Balancing                                         ; On                 ; On                 ;
; Auto RAM to Logic Cell Conversion                                ; Off                ; Off                ;
; Auto Resource Sharing                                            ; Off                ; Off                ;
; Allow Any RAM Size For Recognition                               ; Off                ; Off                ;
; Allow Any ROM Size For Recognition                               ; Off                ; Off                ;
; Allow Any Shift Register Size For Recognition                    ; Off                ; Off                ;
; Use LogicLock Constraints during Resource Balancing              ; On                 ; On                 ;
; Ignore translate_off and synthesis_off directives                ; Off                ; Off                ;
; Timing-Driven Synthesis                                          ; On                 ; On                 ;
; Report Parameter Settings                                        ; On                 ; On                 ;
; Report Source Assignments                                        ; On                 ; On                 ;
; Report Connectivity Checks                                       ; On                 ; On                 ;
; Ignore Maximum Fan-Out Assignments                               ; Off                ; Off                ;
; Synchronization Register Chain Length                            ; 2                  ; 2                  ;
; Power Optimization During Synthesis                              ; Normal compilation ; Normal compilation ;
; HDL message level                                                ; Level2             ; Level2             ;
; Suppress Register Optimization Related Messages                  ; Off                ; Off                ;
; Number of Removed Registers Reported in Synthesis Report         ; 5000               ; 5000               ;
; Number of Swept Nodes Reported in Synthesis Report               ; 5000               ; 5000               ;
; Number of Inverted Registers Reported in Synthesis Report        ; 100                ; 100                ;
; Clock MUX Protection                                             ; On                 ; On                 ;
; Auto Gated Clock Conversion                                      ; Off                ; Off                ;
; SDC constraint protection                                        ; Off                ; Off                ;
; Synthesis Effort                                                 ; Auto               ; Auto               ;
; Shift Register Replacement - Allow Asynchronous Clear Signal     ; On                 ; On                 ;
; Pre-Mapping Resynthesis Optimization                             ; Off                ; Off                ;
; Analysis & Synthesis Message Level                               ; Medium             ; Medium             ;
; Disable Register Merging Across Hierarchies                      ; Auto               ; Auto               ;
; Resource Aware Inference For Block RAM                           ; On                 ; On                 ;
+------------------------------------------------------------------+--------------------+--------------------+


+------------------------------------------+
; Parallel Compilation                     ;
+----------------------------+-------------+
; Processors                 ; Number      ;
+----------------------------+-------------+
; Number detected on machine ; 8           ;
; Maximum allowed            ; 4           ;
;                            ;             ;
; Average used               ; 1.00        ;
; Maximum used               ; 4           ;
;                            ;             ;
; Usage by Processor         ; % Time Used ;
;     Processor 1            ; 100.0%      ;
;     Processor 2            ;   0.1%      ;
;     Processor 3            ;   0.1%      ;
;     Processor 4            ;   0.1%      ;
+----------------------------+-------------+


+-------------------------------------------------------------------------------------------------------------------------------------------------------------------+
; Analysis & Synthesis Source Files Read                                                                                                                            ;
+----------------------------------+-----------------+------------------------------------+---------------------------------------------------------------+---------+
; File Name with User-Entered Path ; Used in Netlist ; File Type                          ; File Name with Absolute Path                                  ; Library ;
+----------------------------------+-----------------+------------------------------------+---------------------------------------------------------------+---------+
; Reg4.vhd                         ; yes             ; User VHDL File                     ; C:/School/CE1921/Lab 8 - Single Cycle ARMv4/Reg4.vhd          ;         ;
; SCP.bdf                          ; yes             ; User Block Diagram/Schematic File  ; C:/School/CE1921/Lab 8 - Single Cycle ARMv4/SCP.bdf           ;         ;
; Fetch.bdf                        ; yes             ; User Block Diagram/Schematic File  ; C:/School/CE1921/Lab 8 - Single Cycle ARMv4/Fetch.bdf         ;         ;
; Extender.vhd                     ; yes             ; User VHDL File                     ; C:/School/CE1921/Lab 8 - Single Cycle ARMv4/Extender.vhd      ;         ;
; regfile.vhd                      ; yes             ; User VHDL File                     ; C:/School/CE1921/Lab 8 - Single Cycle ARMv4/regfile.vhd       ;         ;
; irom.vhd                         ; yes             ; User VHDL File                     ; C:/School/CE1921/Lab 8 - Single Cycle ARMv4/irom.vhd          ;         ;
; dmem.vhd                         ; yes             ; User VHDL File                     ; C:/School/CE1921/Lab 8 - Single Cycle ARMv4/dmem.vhd          ;         ;
; busMux2.vhd                      ; yes             ; User VHDL File                     ; C:/School/CE1921/Lab 8 - Single Cycle ARMv4/busMux2.vhd       ;         ;
; barrelShifter.vhd                ; yes             ; User VHDL File                     ; C:/School/CE1921/Lab 8 - Single Cycle ARMv4/barrelShifter.vhd ;         ;
; ALU.vhd                          ; yes             ; User VHDL File                     ; C:/School/CE1921/Lab 8 - Single Cycle ARMv4/ALU.vhd           ;         ;
; Controller.vhd                   ; yes             ; User VHDL File                     ; C:/School/CE1921/Lab 8 - Single Cycle ARMv4/Controller.vhd    ;         ;
; PC.vhd                           ; yes             ; User VHDL File                     ; C:/School/CE1921/Lab 8 - Single Cycle ARMv4/PC.vhd            ;         ;
; Constant4.vhd                    ; yes             ; User VHDL File                     ; C:/School/CE1921/Lab 8 - Single Cycle ARMv4/Constant4.vhd     ;         ;
; Constant8.vhd                    ; yes             ; User VHDL File                     ; C:/School/CE1921/Lab 8 - Single Cycle ARMv4/Constant8.vhd     ;         ;
; Adder.vhd                        ; yes             ; User VHDL File                     ; C:/School/CE1921/Lab 8 - Single Cycle ARMv4/Adder.vhd         ;         ;
; RegSRCBmux.vhd                   ; yes             ; User VHDL File                     ; C:/School/CE1921/Lab 8 - Single Cycle ARMv4/RegSRCBmux.vhd    ;         ;
; Execute.vhd                      ; yes             ; User VHDL File                     ; C:/School/CE1921/Lab 8 - Single Cycle ARMv4/Execute.vhd       ;         ;
; Decode.bdf                       ; yes             ; User Block Diagram/Schematic File  ; C:/School/CE1921/Lab 8 - Single Cycle ARMv4/Decode.bdf        ;         ;
+----------------------------------+-----------------+------------------------------------+---------------------------------------------------------------+---------+


+---------------------------------------------------------+
; Analysis & Synthesis Resource Usage Summary             ;
+---------------------------------------------+-----------+
; Resource                                    ; Usage     ;
+---------------------------------------------+-----------+
; Estimated Total logic elements              ; 3,411     ;
;                                             ;           ;
; Total combinational functions               ; 1939      ;
; Logic element usage by number of LUT inputs ;           ;
;     -- 4 input functions                    ; 1597      ;
;     -- 3 input functions                    ; 259       ;
;     -- <=2 input functions                  ; 83        ;
;                                             ;           ;
; Logic elements by mode                      ;           ;
;     -- normal mode                          ; 1819      ;
;     -- arithmetic mode                      ; 120       ;
;                                             ;           ;
; Total registers                             ; 1569      ;
;     -- Dedicated logic registers            ; 1569      ;
;     -- I/O registers                        ; 0         ;
;                                             ;           ;
; I/O pins                                    ; 211       ;
;                                             ;           ;
; Embedded Multiplier 9-bit elements          ; 0         ;
;                                             ;           ;
; Maximum fan-out node                        ; CLK~input ;
; Maximum fan-out                             ; 1569      ;
; Total fan-out                               ; 12451     ;
; Average fan-out                             ; 3.17      ;
+---------------------------------------------+-----------+


+-----------------------------------------------------------------------------------------------------------------------------------------------------------------------------------------------------------------------------------------------------+
; Analysis & Synthesis Resource Utilization by Entity                                                                                                                                                                                                 ;
+----------------------------+---------------------+---------------------------+-------------+------------+--------------+---------+-----------+------+--------------+------------+--------------------------------------+-------------+--------------+
; Compilation Hierarchy Node ; Combinational ALUTs ; Dedicated Logic Registers ; Memory Bits ; UFM Blocks ; DSP Elements ; DSP 9x9 ; DSP 18x18 ; Pins ; Virtual Pins ; ADC blocks ; Full Hierarchy Name                  ; Entity Name ; Library Name ;
+----------------------------+---------------------+---------------------------+-------------+------------+--------------+---------+-----------+------+--------------+------------+--------------------------------------+-------------+--------------+
; |SCP                       ; 1939 (0)            ; 1569 (0)                  ; 0           ; 0          ; 0            ; 0       ; 0         ; 211  ; 0            ; 0          ; |SCP                                 ; SCP         ; work         ;
;    |Controller:inst4|      ; 19 (19)             ; 0 (0)                     ; 0           ; 0          ; 0            ; 0       ; 0         ; 0    ; 0            ; 0          ; |SCP|Controller:inst4                ; Controller  ; work         ;
;    |Decode:inst13|         ; 752 (0)             ; 512 (0)                   ; 0           ; 0          ; 0            ; 0       ; 0         ; 0    ; 0            ; 0          ; |SCP|Decode:inst13                   ; Decode      ; work         ;
;       |Adder:inst3|        ; 32 (32)             ; 0 (0)                     ; 0           ; 0          ; 0            ; 0       ; 0         ; 0    ; 0            ; 0          ; |SCP|Decode:inst13|Adder:inst3       ; Adder       ; work         ;
;       |Extender:inst1|     ; 18 (18)             ; 0 (0)                     ; 0           ; 0          ; 0            ; 0       ; 0         ; 0    ; 0            ; 0          ; |SCP|Decode:inst13|Extender:inst1    ; Extender    ; work         ;
;       |RegSRCBmux:inst|    ; 6 (6)               ; 0 (0)                     ; 0           ; 0          ; 0            ; 0       ; 0         ; 0    ; 0            ; 0          ; |SCP|Decode:inst13|RegSRCBmux:inst   ; RegSRCBmux  ; work         ;
;       |regfile:inst23|     ; 696 (696)           ; 512 (512)                 ; 0           ; 0          ; 0            ; 0       ; 0         ; 0    ; 0            ; 0          ; |SCP|Decode:inst13|regfile:inst23    ; regfile     ; work         ;
;    |Execute:inst1|         ; 246 (0)             ; 1 (0)                     ; 0           ; 0          ; 0            ; 0       ; 0         ; 0    ; 0            ; 0          ; |SCP|Execute:inst1                   ; Execute     ; work         ;
;       |ALU:ALU_0|          ; 202 (202)           ; 0 (0)                     ; 0           ; 0          ; 0            ; 0       ; 0         ; 0    ; 0            ; 0          ; |SCP|Execute:inst1|ALU:ALU_0         ; ALU         ; work         ;
;       |Reg4:Reg4_0|        ; 12 (12)             ; 1 (1)                     ; 0           ; 0          ; 0            ; 0       ; 0         ; 0    ; 0            ; 0          ; |SCP|Execute:inst1|Reg4:Reg4_0       ; Reg4        ; work         ;
;       |busMux2:busmux2_0|  ; 32 (32)             ; 0 (0)                     ; 0           ; 0          ; 0            ; 0       ; 0         ; 0    ; 0            ; 0          ; |SCP|Execute:inst1|busMux2:busmux2_0 ; busMux2     ; work         ;
;    |Fetch:inst|            ; 171 (0)             ; 32 (0)                    ; 0           ; 0          ; 0            ; 0       ; 0         ; 0    ; 0            ; 0          ; |SCP|Fetch:inst                      ; Fetch       ; work         ;
;       |Adder:inst4|        ; 29 (29)             ; 0 (0)                     ; 0           ; 0          ; 0            ; 0       ; 0         ; 0    ; 0            ; 0          ; |SCP|Fetch:inst|Adder:inst4          ; Adder       ; work         ;
;       |Adder:inst5|        ; 30 (30)             ; 0 (0)                     ; 0           ; 0          ; 0            ; 0       ; 0         ; 0    ; 0            ; 0          ; |SCP|Fetch:inst|Adder:inst5          ; Adder       ; work         ;
;       |PC:inst2|           ; 33 (33)             ; 32 (32)                   ; 0           ; 0          ; 0            ; 0       ; 0         ; 0    ; 0            ; 0          ; |SCP|Fetch:inst|PC:inst2             ; PC          ; work         ;
;       |irom:inst3|         ; 79 (79)             ; 0 (0)                     ; 0           ; 0          ; 0            ; 0       ; 0         ; 0    ; 0            ; 0          ; |SCP|Fetch:inst|irom:inst3           ; irom        ; work         ;
;    |busMux2:inst11|        ; 63 (63)             ; 0 (0)                     ; 0           ; 0          ; 0            ; 0       ; 0         ; 0    ; 0            ; 0          ; |SCP|busMux2:inst11                  ; busMux2     ; work         ;
;    |dmem:inst5|            ; 688 (688)           ; 1024 (1024)               ; 0           ; 0          ; 0            ; 0       ; 0         ; 0    ; 0            ; 0          ; |SCP|dmem:inst5                      ; dmem        ; work         ;
+----------------------------+---------------------+---------------------------+-------------+------------+--------------+---------+-----------+------+--------------+------------+--------------------------------------+-------------+--------------+
Note: For table entries with two numbers listed, the numbers in parentheses indicate the number of resources of the given type used by the specific entity alone. The numbers listed outside of parentheses indicate the total resources of the given type used by the specific entity and all of its sub-entities in the hierarchy.


+------------------------------------------------------+
; General Register Statistics                          ;
+----------------------------------------------+-------+
; Statistic                                    ; Value ;
+----------------------------------------------+-------+
; Total registers                              ; 1569  ;
; Number of registers using Synchronous Clear  ; 31    ;
; Number of registers using Synchronous Load   ; 0     ;
; Number of registers using Asynchronous Clear ; 0     ;
; Number of registers using Asynchronous Load  ; 0     ;
; Number of registers using Clock Enable       ; 1538  ;
; Number of registers using Preset             ; 0     ;
+----------------------------------------------+-------+


+----------------------------------------------------------------------------------------------------------------------------------------------------------------+
; Multiplexer Restructuring Statistics (Restructuring Performed)                                                                                                 ;
+--------------------+-----------+---------------+----------------------+------------------------+------------+--------------------------------------------------+
; Multiplexer Inputs ; Bus Width ; Baseline Area ; Area if Restructured ; Saving if Restructured ; Registered ; Example Multiplexer Output                       ;
+--------------------+-----------+---------------+----------------------+------------------------+------------+--------------------------------------------------+
; 3:1                ; 2 bits    ; 4 LEs         ; 2 LEs                ; 2 LEs                  ; Yes        ; |SCP|Fetch:inst|PC:inst2|Q[0]                    ;
; 3:1                ; 30 bits   ; 60 LEs        ; 60 LEs               ; 0 LEs                  ; Yes        ; |SCP|Fetch:inst|PC:inst2|Q[19]                   ;
; 3:1                ; 32 bits   ; 64 LEs        ; 32 LEs               ; 32 LEs                 ; Yes        ; |SCP|Decode:inst13|regfile:inst23|myregs[7][29]  ;
; 3:1                ; 32 bits   ; 64 LEs        ; 32 LEs               ; 32 LEs                 ; Yes        ; |SCP|Decode:inst13|regfile:inst23|myregs[6][8]   ;
; 3:1                ; 32 bits   ; 64 LEs        ; 32 LEs               ; 32 LEs                 ; Yes        ; |SCP|Decode:inst13|regfile:inst23|myregs[5][31]  ;
; 3:1                ; 32 bits   ; 64 LEs        ; 32 LEs               ; 32 LEs                 ; Yes        ; |SCP|Decode:inst13|regfile:inst23|myregs[4][31]  ;
; 3:1                ; 32 bits   ; 64 LEs        ; 32 LEs               ; 32 LEs                 ; Yes        ; |SCP|Decode:inst13|regfile:inst23|myregs[3][31]  ;
; 3:1                ; 32 bits   ; 64 LEs        ; 32 LEs               ; 32 LEs                 ; Yes        ; |SCP|Decode:inst13|regfile:inst23|myregs[2][26]  ;
; 3:1                ; 32 bits   ; 64 LEs        ; 32 LEs               ; 32 LEs                 ; Yes        ; |SCP|Decode:inst13|regfile:inst23|myregs[1][9]   ;
; 3:1                ; 32 bits   ; 64 LEs        ; 32 LEs               ; 32 LEs                 ; Yes        ; |SCP|Decode:inst13|regfile:inst23|myregs[0][27]  ;
; 3:1                ; 32 bits   ; 64 LEs        ; 32 LEs               ; 32 LEs                 ; Yes        ; |SCP|Decode:inst13|regfile:inst23|myregs[15][13] ;
; 3:1                ; 32 bits   ; 64 LEs        ; 32 LEs               ; 32 LEs                 ; Yes        ; |SCP|Decode:inst13|regfile:inst23|myregs[14][29] ;
; 3:1                ; 32 bits   ; 64 LEs        ; 32 LEs               ; 32 LEs                 ; Yes        ; |SCP|Decode:inst13|regfile:inst23|myregs[13][15] ;
; 3:1                ; 32 bits   ; 64 LEs        ; 32 LEs               ; 32 LEs                 ; Yes        ; |SCP|Decode:inst13|regfile:inst23|myregs[12][3]  ;
; 3:1                ; 32 bits   ; 64 LEs        ; 32 LEs               ; 32 LEs                 ; Yes        ; |SCP|Decode:inst13|regfile:inst23|myregs[11][8]  ;
; 3:1                ; 32 bits   ; 64 LEs        ; 32 LEs               ; 32 LEs                 ; Yes        ; |SCP|Decode:inst13|regfile:inst23|myregs[10][15] ;
; 3:1                ; 32 bits   ; 64 LEs        ; 32 LEs               ; 32 LEs                 ; Yes        ; |SCP|Decode:inst13|regfile:inst23|myregs[9][21]  ;
; 3:1                ; 32 bits   ; 64 LEs        ; 32 LEs               ; 32 LEs                 ; Yes        ; |SCP|Decode:inst13|regfile:inst23|myregs[8][9]   ;
; 8:1                ; 32 bits   ; 160 LEs       ; 128 LEs              ; 32 LEs                 ; No         ; |SCP|Execute:inst1|ALU:ALU_0|Mux2                ;
; 16:1               ; 32 bits   ; 320 LEs       ; 320 LEs              ; 0 LEs                  ; No         ; |SCP|Decode:inst13|regfile:inst23|Mux46          ;
; 16:1               ; 32 bits   ; 320 LEs       ; 320 LEs              ; 0 LEs                  ; No         ; |SCP|Decode:inst13|regfile:inst23|Mux0           ;
; 5:1                ; 2 bits    ; 6 LEs         ; 6 LEs                ; 0 LEs                  ; No         ; |SCP|Controller:inst4|ALUS[2]                    ;
+--------------------+-----------+---------------+----------------------+------------------------+------------+--------------------------------------------------+


+-----------------------------------------------------+
; Post-Synthesis Netlist Statistics for Top Partition ;
+-----------------------+-----------------------------+
; Type                  ; Count                       ;
+-----------------------+-----------------------------+
; boundary_port         ; 211                         ;
; cycloneiii_ff         ; 1569                        ;
;     ENA               ; 1538                        ;
;     SCLR              ; 31                          ;
; cycloneiii_lcell_comb ; 1953                        ;
;     arith             ; 120                         ;
;         2 data inputs ; 57                          ;
;         3 data inputs ; 63                          ;
;     normal            ; 1833                        ;
;         0 data inputs ; 2                           ;
;         1 data inputs ; 14                          ;
;         2 data inputs ; 24                          ;
;         3 data inputs ; 196                         ;
;         4 data inputs ; 1597                        ;
;                       ;                             ;
; Max LUT depth         ; 22.80                       ;
; Average LUT depth     ; 14.37                       ;
+-----------------------+-----------------------------+


+-------------------------------+
; Elapsed Time Per Partition    ;
+----------------+--------------+
; Partition Name ; Elapsed Time ;
+----------------+--------------+
; Top            ; 00:00:07     ;
+----------------+--------------+


+-------------------------------+
; Analysis & Synthesis Messages ;
+-------------------------------+
Info: *******************************************************************
Info: Running Quartus Prime Analysis & Synthesis
    Info: Version 18.0.0 Build 614 04/24/2018 SJ Lite Edition
    Info: Processing started: Fri May 17 22:39:44 2019
Info: Command: quartus_map --read_settings_files=on --write_settings_files=off lab8 -c lab8
Warning (18236): Number of processors has not been specified which may cause overloading on shared machines.  Set the global assignment NUM_PARALLEL_PROCESSORS in your QSF to an appropriate value for best performance.
Info (20030): Parallel compilation is enabled and will use 4 of the 4 processors detected
Info (12021): Found 2 design units, including 1 entities, in source file reg4.vhd
    Info (12022): Found design unit 1: Reg4-behavioral File: C:/School/CE1921/Lab 8 - Single Cycle ARMv4/Reg4.vhd Line: 14
    Info (12023): Found entity 1: Reg4 File: C:/School/CE1921/Lab 8 - Single Cycle ARMv4/Reg4.vhd Line: 6
Info (12021): Found 1 design units, including 1 entities, in source file scp.bdf
    Info (12023): Found entity 1: SCP
Info (12021): Found 1 design units, including 1 entities, in source file fetch.bdf
    Info (12023): Found entity 1: Fetch
Info (12021): Found 2 design units, including 1 entities, in source file extender.vhd
    Info (12022): Found design unit 1: Extender-dataflow File: C:/School/CE1921/Lab 8 - Single Cycle ARMv4/Extender.vhd Line: 16
    Info (12023): Found entity 1: Extender File: C:/School/CE1921/Lab 8 - Single Cycle ARMv4/Extender.vhd Line: 8
Info (12021): Found 2 design units, including 1 entities, in source file regfile.vhd
    Info (12022): Found design unit 1: regfile-behavioral File: C:/School/CE1921/Lab 8 - Single Cycle ARMv4/regfile.vhd Line: 28
    Info (12023): Found entity 1: regfile File: C:/School/CE1921/Lab 8 - Single Cycle ARMv4/regfile.vhd Line: 15
Info (12021): Found 2 design units, including 1 entities, in source file irom.vhd
    Info (12022): Found design unit 1: irom-dataflow File: C:/School/CE1921/Lab 8 - Single Cycle ARMv4/irom.vhd Line: 40
    Info (12023): Found entity 1: irom File: C:/School/CE1921/Lab 8 - Single Cycle ARMv4/irom.vhd Line: 35
Info (12021): Found 2 design units, including 1 entities, in source file dmem.vhd
    Info (12022): Found design unit 1: dmem-behavioral File: C:/School/CE1921/Lab 8 - Single Cycle ARMv4/dmem.vhd Line: 48
    Info (12023): Found entity 1: dmem File: C:/School/CE1921/Lab 8 - Single Cycle ARMv4/dmem.vhd Line: 36
Info (12021): Found 2 design units, including 1 entities, in source file busmux2.vhd
    Info (12022): Found design unit 1: busMux2-dataflow File: C:/School/CE1921/Lab 8 - Single Cycle ARMv4/busMux2.vhd Line: 13
    Info (12023): Found entity 1: busMux2 File: C:/School/CE1921/Lab 8 - Single Cycle ARMv4/busMux2.vhd Line: 5
Info (12021): Found 2 design units, including 1 entities, in source file barrelshifter.vhd
    Info (12022): Found design unit 1: barrelShifter-dataflow File: C:/School/CE1921/Lab 8 - Single Cycle ARMv4/barrelShifter.vhd Line: 17
    Info (12023): Found entity 1: barrelShifter File: C:/School/CE1921/Lab 8 - Single Cycle ARMv4/barrelShifter.vhd Line: 9
Info (12021): Found 2 design units, including 1 entities, in source file alu.vhd
    Info (12022): Found design unit 1: ALU-dataflow File: C:/School/CE1921/Lab 8 - Single Cycle ARMv4/ALU.vhd Line: 19
    Info (12023): Found entity 1: ALU File: C:/School/CE1921/Lab 8 - Single Cycle ARMv4/ALU.vhd Line: 7
Info (12021): Found 2 design units, including 1 entities, in source file controller.vhd
    Info (12022): Found design unit 1: Controller-dataflow File: C:/School/CE1921/Lab 8 - Single Cycle ARMv4/Controller.vhd Line: 23
    Info (12023): Found entity 1: Controller File: C:/School/CE1921/Lab 8 - Single Cycle ARMv4/Controller.vhd Line: 6
Info (12021): Found 2 design units, including 1 entities, in source file pc.vhd
    Info (12022): Found design unit 1: PC-dataflow File: C:/School/CE1921/Lab 8 - Single Cycle ARMv4/PC.vhd Line: 15
    Info (12023): Found entity 1: PC File: C:/School/CE1921/Lab 8 - Single Cycle ARMv4/PC.vhd Line: 7
Info (12021): Found 2 design units, including 1 entities, in source file constant4.vhd
    Info (12022): Found design unit 1: Constant4-dataflow File: C:/School/CE1921/Lab 8 - Single Cycle ARMv4/Constant4.vhd Line: 14
    Info (12023): Found entity 1: Constant4 File: C:/School/CE1921/Lab 8 - Single Cycle ARMv4/Constant4.vhd Line: 8
Info (12021): Found 2 design units, including 1 entities, in source file constant8.vhd
    Info (12022): Found design unit 1: Constant8-dataflow File: C:/School/CE1921/Lab 8 - Single Cycle ARMv4/Constant8.vhd Line: 15
    Info (12023): Found entity 1: Constant8 File: C:/School/CE1921/Lab 8 - Single Cycle ARMv4/Constant8.vhd Line: 9
Info (12021): Found 2 design units, including 1 entities, in source file adder.vhd
    Info (12022): Found design unit 1: Adder-dataflow File: C:/School/CE1921/Lab 8 - Single Cycle ARMv4/Adder.vhd Line: 15
    Info (12023): Found entity 1: Adder File: C:/School/CE1921/Lab 8 - Single Cycle ARMv4/Adder.vhd Line: 7
Info (12021): Found 2 design units, including 1 entities, in source file regsrcbmux.vhd
    Info (12022): Found design unit 1: RegSRCBmux-behavioral File: C:/School/CE1921/Lab 8 - Single Cycle ARMv4/RegSRCBmux.vhd Line: 15
    Info (12023): Found entity 1: RegSRCBmux File: C:/School/CE1921/Lab 8 - Single Cycle ARMv4/RegSRCBmux.vhd Line: 7
Info (12021): Found 2 design units, including 1 entities, in source file execute.vhd
    Info (12022): Found design unit 1: Execute-dataflow File: C:/School/CE1921/Lab 8 - Single Cycle ARMv4/Execute.vhd Line: 19
    Info (12023): Found entity 1: Execute File: C:/School/CE1921/Lab 8 - Single Cycle ARMv4/Execute.vhd Line: 7
Info (12021): Found 1 design units, including 1 entities, in source file decode.bdf
    Info (12023): Found entity 1: Decode
Info (12127): Elaborating entity "SCP" for the top level hierarchy
Info (12128): Elaborating entity "Controller" for hierarchy "Controller:inst4"
Warning (10036): Verilog HDL or VHDL warning at Controller.vhd(27): object "U" assigned a value but never read File: C:/School/CE1921/Lab 8 - Single Cycle ARMv4/Controller.vhd Line: 27
Warning (10036): Verilog HDL or VHDL warning at Controller.vhd(29): object "W" assigned a value but never read File: C:/School/CE1921/Lab 8 - Single Cycle ARMv4/Controller.vhd Line: 29
Info (12128): Elaborating entity "Execute" for hierarchy "Execute:inst1"
Info (12128): Elaborating entity "busMux2" for hierarchy "Execute:inst1|busMux2:busmux2_0" File: C:/School/CE1921/Lab 8 - Single Cycle ARMv4/Execute.vhd Line: 28
Info (12128): Elaborating entity "ALU" for hierarchy "Execute:inst1|ALU:ALU_0" File: C:/School/CE1921/Lab 8 - Single Cycle ARMv4/Execute.vhd Line: 30
Info (12128): Elaborating entity "Reg4" for hierarchy "Execute:inst1|Reg4:Reg4_0" File: C:/School/CE1921/Lab 8 - Single Cycle ARMv4/Execute.vhd Line: 32
Info (12128): Elaborating entity "Decode" for hierarchy "Decode:inst13"
Info (12128): Elaborating entity "Adder" for hierarchy "Decode:inst13|Adder:inst3"
Info (12128): Elaborating entity "barrelShifter" for hierarchy "Decode:inst13|barrelShifter:inst2"
Info (12128): Elaborating entity "Extender" for hierarchy "Decode:inst13|Extender:inst1"
Info (12128): Elaborating entity "regfile" for hierarchy "Decode:inst13|regfile:inst23"
Info (12128): Elaborating entity "RegSRCBmux" for hierarchy "Decode:inst13|RegSRCBmux:inst"
Warning (10492): VHDL Process Statement warning at RegSRCBmux.vhd(20): signal "D1" is read inside the Process Statement but isn't in the Process Statement's sensitivity list File: C:/School/CE1921/Lab 8 - Single Cycle ARMv4/RegSRCBmux.vhd Line: 20
Warning (10492): VHDL Process Statement warning at RegSRCBmux.vhd(22): signal "D0" is read inside the Process Statement but isn't in the Process Statement's sensitivity list File: C:/School/CE1921/Lab 8 - Single Cycle ARMv4/RegSRCBmux.vhd Line: 22
Info (12128): Elaborating entity "Fetch" for hierarchy "Fetch:inst"
Info (12128): Elaborating entity "irom" for hierarchy "Fetch:inst|irom:inst3"
Info (12128): Elaborating entity "PC" for hierarchy "Fetch:inst|PC:inst2"
Info (12128): Elaborating entity "Constant4" for hierarchy "Fetch:inst|Constant4:inst"
Info (12128): Elaborating entity "Constant8" for hierarchy "Fetch:inst|Constant8:inst1"
Info (12128): Elaborating entity "busMux2" for hierarchy "busMux2:inst10"
Info (12128): Elaborating entity "dmem" for hierarchy "dmem:inst5"
Info (276014): Found 1 instances of uninferred RAM logic
    Info (276007): RAM logic "dmem:inst5|MEMARRAY" is uninferred due to asynchronous read logic File: C:/School/CE1921/Lab 8 - Single Cycle ARMv4/dmem.vhd Line: 50
Warning (13024): Output pins are stuck at VCC or GND
    Warning (13410): Pin "PCWR" is stuck at VCC
    Warning (13410): Pin "ROTATE[3]" is stuck at GND
    Warning (13410): Pin "ROTATE[2]" is stuck at GND
    Warning (13410): Pin "ROTATE[1]" is stuck at GND
    Warning (13410): Pin "ROTATE[0]" is stuck at GND
Info (286030): Timing-Driven Synthesis is running
Info (16010): Generating hard_block partition "hard_block:auto_generated_inst"
    Info (16011): Adding 0 node(s), including 0 DDIO, 0 PLL, 0 transceiver and 0 LCELL
Info (21057): Implemented 3686 device resources after synthesis - the final resource count might be different
    Info (21058): Implemented 2 input pins
    Info (21059): Implemented 209 output pins
    Info (21061): Implemented 3475 logic cells
Info: Quartus Prime Analysis & Synthesis was successful. 0 errors, 11 warnings
    Info: Peak virtual memory: 4812 megabytes
    Info: Processing ended: Fri May 17 22:40:02 2019
    Info: Elapsed time: 00:00:18
    Info: Total CPU time (on all processors): 00:00:32


