Analysis & Synthesis report for ASCP
Thu May 16 12:29:03 2019
Quartus Prime Version 18.0.0 Build 614 04/24/2018 SJ Lite Edition


---------------------
; Table of Contents ;
---------------------
  1. Legal Notice
  2. Analysis & Synthesis Summary
  3. Analysis & Synthesis Settings
  4. Parallel Compilation
  5. Analysis & Synthesis Source Files Read
  6. Analysis & Synthesis Resource Usage Summary
  7. Analysis & Synthesis Resource Utilization by Entity
  8. Analysis & Synthesis DSP Block Usage Summary
  9. General Register Statistics
 10. Multiplexer Restructuring Statistics (Restructuring Performed)
 11. Parameter Settings for Inferred Entity Instance: Execute:inst8|ALU:inst|lpm_mult:Mult0
 12. lpm_mult Parameter Settings by Entity Instance
 13. Post-Synthesis Netlist Statistics for Top Partition
 14. Elapsed Time Per Partition
 15. Analysis & Synthesis Messages



----------------
; Legal Notice ;
----------------
Copyright (C) 2018  Intel Corporation. All rights reserved.
Your use of Intel Corporation's design tools, logic functions 
and other software and tools, and its AMPP partner logic 
functions, and any output files from any of the foregoing 
(including device programming or simulation files), and any 
associated documentation or information are expressly subject 
to the terms and conditions of the Intel Program License 
Subscription Agreement, the Intel Quartus Prime License Agreement,
the Intel FPGA IP License Agreement, or other applicable license
agreement, including, without limitation, that your use is for
the sole purpose of programming logic devices manufactured by
Intel and sold by Intel or its authorized distributors.  Please
refer to the applicable agreement for further details.



+----------------------------------------------------------------------------------+
; Analysis & Synthesis Summary                                                     ;
+------------------------------------+---------------------------------------------+
; Analysis & Synthesis Status        ; Successful - Thu May 16 12:29:03 2019       ;
; Quartus Prime Version              ; 18.0.0 Build 614 04/24/2018 SJ Lite Edition ;
; Revision Name                      ; ASCP                                        ;
; Top-level Entity Name              ; ASCP                                        ;
; Family                             ; MAX 10                                      ;
; Total logic elements               ; 3,507                                       ;
;     Total combinational functions  ; 2,035                                       ;
;     Dedicated logic registers      ; 1,569                                       ;
; Total registers                    ; 1569                                        ;
; Total pins                         ; 246                                         ;
; Total virtual pins                 ; 0                                           ;
; Total memory bits                  ; 0                                           ;
; Embedded Multiplier 9-bit elements ; 6                                           ;
; Total PLLs                         ; 0                                           ;
; UFM blocks                         ; 0                                           ;
; ADC blocks                         ; 0                                           ;
+------------------------------------+---------------------------------------------+


+------------------------------------------------------------------------------------------------------------+
; Analysis & Synthesis Settings                                                                              ;
+------------------------------------------------------------------+--------------------+--------------------+
; Option                                                           ; Setting            ; Default Value      ;
+------------------------------------------------------------------+--------------------+--------------------+
; Device                                                           ; 10M08DAF484C8G     ;                    ;
; Top-level entity name                                            ; ASCP               ; ASCP               ;
; Family name                                                      ; MAX 10             ; Cyclone V          ;
; Use smart compilation                                            ; Off                ; Off                ;
; Enable parallel Assembler and Timing Analyzer during compilation ; On                 ; On                 ;
; Enable compact report table                                      ; Off                ; Off                ;
; Restructure Multiplexers                                         ; Auto               ; Auto               ;
; Create Debugging Nodes for IP Cores                              ; Off                ; Off                ;
; Preserve fewer node names                                        ; On                 ; On                 ;
; Intel FPGA IP Evaluation Mode                                    ; Enable             ; Enable             ;
; Verilog Version                                                  ; Verilog_2001       ; Verilog_2001       ;
; VHDL Version                                                     ; VHDL_1993          ; VHDL_1993          ;
; State Machine Processing                                         ; Auto               ; Auto               ;
; Safe State Machine                                               ; Off                ; Off                ;
; Extract Verilog State Machines                                   ; On                 ; On                 ;
; Extract VHDL State Machines                                      ; On                 ; On                 ;
; Ignore Verilog initial constructs                                ; Off                ; Off                ;
; Iteration limit for constant Verilog loops                       ; 5000               ; 5000               ;
; Iteration limit for non-constant Verilog loops                   ; 250                ; 250                ;
; Add Pass-Through Logic to Inferred RAMs                          ; On                 ; On                 ;
; Infer RAMs from Raw Logic                                        ; On                 ; On                 ;
; Parallel Synthesis                                               ; On                 ; On                 ;
; DSP Block Balancing                                              ; Auto               ; Auto               ;
; NOT Gate Push-Back                                               ; On                 ; On                 ;
; Power-Up Don't Care                                              ; On                 ; On                 ;
; Remove Redundant Logic Cells                                     ; Off                ; Off                ;
; Remove Duplicate Registers                                       ; On                 ; On                 ;
; Ignore CARRY Buffers                                             ; Off                ; Off                ;
; Ignore CASCADE Buffers                                           ; Off                ; Off                ;
; Ignore GLOBAL Buffers                                            ; Off                ; Off                ;
; Ignore ROW GLOBAL Buffers                                        ; Off                ; Off                ;
; Ignore LCELL Buffers                                             ; Off                ; Off                ;
; Ignore SOFT Buffers                                              ; On                 ; On                 ;
; Limit AHDL Integers to 32 Bits                                   ; Off                ; Off                ;
; Optimization Technique                                           ; Balanced           ; Balanced           ;
; Carry Chain Length                                               ; 70                 ; 70                 ;
; Auto Carry Chains                                                ; On                 ; On                 ;
; Auto Open-Drain Pins                                             ; On                 ; On                 ;
; Perform WYSIWYG Primitive Resynthesis                            ; Off                ; Off                ;
; Auto ROM Replacement                                             ; On                 ; On                 ;
; Auto RAM Replacement                                             ; On                 ; On                 ;
; Auto DSP Block Replacement                                       ; On                 ; On                 ;
; Auto Shift Register Replacement                                  ; Auto               ; Auto               ;
; Allow Shift Register Merging across Hierarchies                  ; Auto               ; Auto               ;
; Auto Clock Enable Replacement                                    ; On                 ; On                 ;
; Strict RAM Replacement                                           ; Off                ; Off                ;
; Allow Synchronous Control Signals                                ; On                 ; On                 ;
; Force Use of Synchronous Clear Signals                           ; Off                ; Off                ;
; Auto RAM Block Balancing                                         ; On                 ; On                 ;
; Auto RAM to Logic Cell Conversion                                ; Off                ; Off                ;
; Auto Resource Sharing                                            ; Off                ; Off                ;
; Allow Any RAM Size For Recognition                               ; Off                ; Off                ;
; Allow Any ROM Size For Recognition                               ; Off                ; Off                ;
; Allow Any Shift Register Size For Recognition                    ; Off                ; Off                ;
; Use LogicLock Constraints during Resource Balancing              ; On                 ; On                 ;
; Ignore translate_off and synthesis_off directives                ; Off                ; Off                ;
; Timing-Driven Synthesis                                          ; On                 ; On                 ;
; Report Parameter Settings                                        ; On                 ; On                 ;
; Report Source Assignments                                        ; On                 ; On                 ;
; Report Connectivity Checks                                       ; On                 ; On                 ;
; Ignore Maximum Fan-Out Assignments                               ; Off                ; Off                ;
; Synchronization Register Chain Length                            ; 2                  ; 2                  ;
; Power Optimization During Synthesis                              ; Normal compilation ; Normal compilation ;
; HDL message level                                                ; Level2             ; Level2             ;
; Suppress Register Optimization Related Messages                  ; Off                ; Off                ;
; Number of Removed Registers Reported in Synthesis Report         ; 5000               ; 5000               ;
; Number of Swept Nodes Reported in Synthesis Report               ; 5000               ; 5000               ;
; Number of Inverted Registers Reported in Synthesis Report        ; 100                ; 100                ;
; Clock MUX Protection                                             ; On                 ; On                 ;
; Auto Gated Clock Conversion                                      ; Off                ; Off                ;
; Block Design Naming                                              ; Auto               ; Auto               ;
; SDC constraint protection                                        ; Off                ; Off                ;
; Synthesis Effort                                                 ; Auto               ; Auto               ;
; Shift Register Replacement - Allow Asynchronous Clear Signal     ; On                 ; On                 ;
; Pre-Mapping Resynthesis Optimization                             ; Off                ; Off                ;
; Analysis & Synthesis Message Level                               ; Medium             ; Medium             ;
; Disable Register Merging Across Hierarchies                      ; Auto               ; Auto               ;
; Resource Aware Inference For Block RAM                           ; On                 ; On                 ;
+------------------------------------------------------------------+--------------------+--------------------+


+------------------------------------------+
; Parallel Compilation                     ;
+----------------------------+-------------+
; Processors                 ; Number      ;
+----------------------------+-------------+
; Number detected on machine ; 8           ;
; Maximum allowed            ; 4           ;
;                            ;             ;
; Average used               ; 1.00        ;
; Maximum used               ; 4           ;
;                            ;             ;
; Usage by Processor         ; % Time Used ;
;     Processor 1            ; 100.0%      ;
;     Processor 2            ;   0.1%      ;
;     Processor 3            ;   0.1%      ;
;     Processor 4            ;   0.1%      ;
+----------------------------+-------------+


+----------------------------------------------------------------------------------------------------------------------------------------------------------------------------+
; Analysis & Synthesis Source Files Read                                                                                                                                     ;
+----------------------------------+-----------------+------------------------------------+------------------------------------------------------------------------+---------+
; File Name with User-Entered Path ; Used in Netlist ; File Type                          ; File Name with Absolute Path                                           ; Library ;
+----------------------------------+-----------------+------------------------------------+------------------------------------------------------------------------+---------+
; ASCP.bdf                         ; yes             ; User Block Diagram/Schematic File  ; C:/School/CE1921/Lab 9 - Advanced Single Cycle ARMv4/ASCP.bdf          ;         ;
; RegSRCBmux.vhd                   ; yes             ; User VHDL File                     ; C:/School/CE1921/Lab 9 - Advanced Single Cycle ARMv4/RegSRCBmux.vhd    ;         ;
; regfile.vhd                      ; yes             ; User VHDL File                     ; C:/School/CE1921/Lab 9 - Advanced Single Cycle ARMv4/regfile.vhd       ;         ;
; Reg4.vhd                         ; yes             ; User VHDL File                     ; C:/School/CE1921/Lab 9 - Advanced Single Cycle ARMv4/Reg4.vhd          ;         ;
; PC.vhd                           ; yes             ; User VHDL File                     ; C:/School/CE1921/Lab 9 - Advanced Single Cycle ARMv4/PC.vhd            ;         ;
; irom.vhd                         ; yes             ; User VHDL File                     ; C:/School/CE1921/Lab 9 - Advanced Single Cycle ARMv4/irom.vhd          ;         ;
; Fetch.bdf                        ; yes             ; User Block Diagram/Schematic File  ; C:/School/CE1921/Lab 9 - Advanced Single Cycle ARMv4/Fetch.bdf         ;         ;
; Extender.vhd                     ; yes             ; User VHDL File                     ; C:/School/CE1921/Lab 9 - Advanced Single Cycle ARMv4/Extender.vhd      ;         ;
; dmem.vhd                         ; yes             ; User VHDL File                     ; C:/School/CE1921/Lab 9 - Advanced Single Cycle ARMv4/dmem.vhd          ;         ;
; Decode.bdf                       ; yes             ; User Block Diagram/Schematic File  ; C:/School/CE1921/Lab 9 - Advanced Single Cycle ARMv4/Decode.bdf        ;         ;
; Controller.vhd                   ; yes             ; User VHDL File                     ; C:/School/CE1921/Lab 9 - Advanced Single Cycle ARMv4/Controller.vhd    ;         ;
; Constant8.vhd                    ; yes             ; User VHDL File                     ; C:/School/CE1921/Lab 9 - Advanced Single Cycle ARMv4/Constant8.vhd     ;         ;
; Constant4.vhd                    ; yes             ; User VHDL File                     ; C:/School/CE1921/Lab 9 - Advanced Single Cycle ARMv4/Constant4.vhd     ;         ;
; busMux2.vhd                      ; yes             ; User VHDL File                     ; C:/School/CE1921/Lab 9 - Advanced Single Cycle ARMv4/busMux2.vhd       ;         ;
; barrelShifter.vhd                ; yes             ; User VHDL File                     ; C:/School/CE1921/Lab 9 - Advanced Single Cycle ARMv4/barrelShifter.vhd ;         ;
; ALU.vhd                          ; yes             ; User VHDL File                     ; C:/School/CE1921/Lab 9 - Advanced Single Cycle ARMv4/ALU.vhd           ;         ;
; Adder.vhd                        ; yes             ; User VHDL File                     ; C:/School/CE1921/Lab 9 - Advanced Single Cycle ARMv4/Adder.vhd         ;         ;
; Execute.bdf                      ; yes             ; User Block Diagram/Schematic File  ; C:/School/CE1921/Lab 9 - Advanced Single Cycle ARMv4/Execute.bdf       ;         ;
; Constant14.vhd                   ; yes             ; User VHDL File                     ; C:/School/CE1921/Lab 9 - Advanced Single Cycle ARMv4/Constant14.vhd    ;         ;
; lpm_mult.tdf                     ; yes             ; Megafunction                       ; c:/intelfpga_lite/18.0/quartus/libraries/megafunctions/lpm_mult.tdf    ;         ;
; aglobal180.inc                   ; yes             ; Megafunction                       ; c:/intelfpga_lite/18.0/quartus/libraries/megafunctions/aglobal180.inc  ;         ;
; lpm_add_sub.inc                  ; yes             ; Megafunction                       ; c:/intelfpga_lite/18.0/quartus/libraries/megafunctions/lpm_add_sub.inc ;         ;
; multcore.inc                     ; yes             ; Megafunction                       ; c:/intelfpga_lite/18.0/quartus/libraries/megafunctions/multcore.inc    ;         ;
; bypassff.inc                     ; yes             ; Megafunction                       ; c:/intelfpga_lite/18.0/quartus/libraries/megafunctions/bypassff.inc    ;         ;
; altshift.inc                     ; yes             ; Megafunction                       ; c:/intelfpga_lite/18.0/quartus/libraries/megafunctions/altshift.inc    ;         ;
; db/mult_tns.tdf                  ; yes             ; Auto-Generated Megafunction        ; C:/School/CE1921/Lab 9 - Advanced Single Cycle ARMv4/db/mult_tns.tdf   ;         ;
+----------------------------------+-----------------+------------------------------------+------------------------------------------------------------------------+---------+


+---------------------------------------------------------+
; Analysis & Synthesis Resource Usage Summary             ;
+---------------------------------------------+-----------+
; Resource                                    ; Usage     ;
+---------------------------------------------+-----------+
; Estimated Total logic elements              ; 3,507     ;
;                                             ;           ;
; Total combinational functions               ; 2035      ;
; Logic element usage by number of LUT inputs ;           ;
;     -- 4 input functions                    ; 1717      ;
;     -- 3 input functions                    ; 207       ;
;     -- <=2 input functions                  ; 111       ;
;                                             ;           ;
; Logic elements by mode                      ;           ;
;     -- normal mode                          ; 1889      ;
;     -- arithmetic mode                      ; 146       ;
;                                             ;           ;
; Total registers                             ; 1569      ;
;     -- Dedicated logic registers            ; 1569      ;
;     -- I/O registers                        ; 0         ;
;                                             ;           ;
; I/O pins                                    ; 246       ;
;                                             ;           ;
; Embedded Multiplier 9-bit elements          ; 6         ;
;                                             ;           ;
; Maximum fan-out node                        ; CLK~input ;
; Maximum fan-out                             ; 1569      ;
; Total fan-out                               ; 13065     ;
; Average fan-out                             ; 3.19      ;
+---------------------------------------------+-----------+


+-----------------------------------------------------------------------------------------------------------------------------------------------------------------------------------------------------------------------------------------------------------------------------------------------+
; Analysis & Synthesis Resource Utilization by Entity                                                                                                                                                                                                                                           ;
+---------------------------------------+---------------------+---------------------------+-------------+------------+--------------+---------+-----------+------+--------------+------------+---------------------------------------------------------------------+-------------+--------------+
; Compilation Hierarchy Node            ; Combinational ALUTs ; Dedicated Logic Registers ; Memory Bits ; UFM Blocks ; DSP Elements ; DSP 9x9 ; DSP 18x18 ; Pins ; Virtual Pins ; ADC blocks ; Full Hierarchy Name                                                 ; Entity Name ; Library Name ;
+---------------------------------------+---------------------+---------------------------+-------------+------------+--------------+---------+-----------+------+--------------+------------+---------------------------------------------------------------------+-------------+--------------+
; |ASCP                                 ; 2035 (0)            ; 1569 (0)                  ; 0           ; 0          ; 6            ; 0       ; 3         ; 246  ; 0            ; 0          ; |ASCP                                                               ; ASCP        ; work         ;
;    |Controller:inst16|                ; 24 (24)             ; 0 (0)                     ; 0           ; 0          ; 0            ; 0       ; 0         ; 0    ; 0            ; 0          ; |ASCP|Controller:inst16                                             ; Controller  ; work         ;
;    |Decode:inst15|                    ; 765 (0)             ; 512 (0)                   ; 0           ; 0          ; 0            ; 0       ; 0         ; 0    ; 0            ; 0          ; |ASCP|Decode:inst15                                                 ; Decode      ; work         ;
;       |Adder:inst3|                   ; 32 (32)             ; 0 (0)                     ; 0           ; 0          ; 0            ; 0       ; 0         ; 0    ; 0            ; 0          ; |ASCP|Decode:inst15|Adder:inst3                                     ; Adder       ; work         ;
;       |Extender:inst1|                ; 20 (20)             ; 0 (0)                     ; 0           ; 0          ; 0            ; 0       ; 0         ; 0    ; 0            ; 0          ; |ASCP|Decode:inst15|Extender:inst1                                  ; Extender    ; work         ;
;       |RegSRCBmux:inst5|              ; 5 (5)               ; 0 (0)                     ; 0           ; 0          ; 0            ; 0       ; 0         ; 0    ; 0            ; 0          ; |ASCP|Decode:inst15|RegSRCBmux:inst5                                ; RegSRCBmux  ; work         ;
;       |RegSRCBmux:inst6|              ; 7 (7)               ; 0 (0)                     ; 0           ; 0          ; 0            ; 0       ; 0         ; 0    ; 0            ; 0          ; |ASCP|Decode:inst15|RegSRCBmux:inst6                                ; RegSRCBmux  ; work         ;
;       |RegSRCBmux:inst8|              ; 4 (4)               ; 0 (0)                     ; 0           ; 0          ; 0            ; 0       ; 0         ; 0    ; 0            ; 0          ; |ASCP|Decode:inst15|RegSRCBmux:inst8                                ; RegSRCBmux  ; work         ;
;       |regfile:inst23|                ; 697 (697)           ; 512 (512)                 ; 0           ; 0          ; 0            ; 0       ; 0         ; 0    ; 0            ; 0          ; |ASCP|Decode:inst15|regfile:inst23                                  ; regfile     ; work         ;
;    |Execute:inst8|                    ; 286 (0)             ; 1 (0)                     ; 0           ; 0          ; 6            ; 0       ; 3         ; 0    ; 0            ; 0          ; |ASCP|Execute:inst8                                                 ; Execute     ; work         ;
;       |ALU:inst|                      ; 243 (215)           ; 0 (0)                     ; 0           ; 0          ; 6            ; 0       ; 3         ; 0    ; 0            ; 0          ; |ASCP|Execute:inst8|ALU:inst                                        ; ALU         ; work         ;
;          |lpm_mult:Mult0|             ; 28 (0)              ; 0 (0)                     ; 0           ; 0          ; 6            ; 0       ; 3         ; 0    ; 0            ; 0          ; |ASCP|Execute:inst8|ALU:inst|lpm_mult:Mult0                         ; lpm_mult    ; work         ;
;             |mult_tns:auto_generated| ; 28 (28)             ; 0 (0)                     ; 0           ; 0          ; 6            ; 0       ; 3         ; 0    ; 0            ; 0          ; |ASCP|Execute:inst8|ALU:inst|lpm_mult:Mult0|mult_tns:auto_generated ; mult_tns    ; work         ;
;       |Reg4:inst1|                    ; 11 (11)             ; 1 (1)                     ; 0           ; 0          ; 0            ; 0       ; 0         ; 0    ; 0            ; 0          ; |ASCP|Execute:inst8|Reg4:inst1                                      ; Reg4        ; work         ;
;       |busMux2:inst2|                 ; 32 (32)             ; 0 (0)                     ; 0           ; 0          ; 0            ; 0       ; 0         ; 0    ; 0            ; 0          ; |ASCP|Execute:inst8|busMux2:inst2                                   ; busMux2     ; work         ;
;    |Fetch:inst|                       ; 174 (0)             ; 32 (0)                    ; 0           ; 0          ; 0            ; 0       ; 0         ; 0    ; 0            ; 0          ; |ASCP|Fetch:inst                                                    ; Fetch       ; work         ;
;       |Adder:inst4|                   ; 29 (29)             ; 0 (0)                     ; 0           ; 0          ; 0            ; 0       ; 0         ; 0    ; 0            ; 0          ; |ASCP|Fetch:inst|Adder:inst4                                        ; Adder       ; work         ;
;       |Adder:inst5|                   ; 30 (30)             ; 0 (0)                     ; 0           ; 0          ; 0            ; 0       ; 0         ; 0    ; 0            ; 0          ; |ASCP|Fetch:inst|Adder:inst5                                        ; Adder       ; work         ;
;       |PC:inst2|                      ; 33 (33)             ; 32 (32)                   ; 0           ; 0          ; 0            ; 0       ; 0         ; 0    ; 0            ; 0          ; |ASCP|Fetch:inst|PC:inst2                                           ; PC          ; work         ;
;       |irom:inst3|                    ; 82 (82)             ; 0 (0)                     ; 0           ; 0          ; 0            ; 0       ; 0         ; 0    ; 0            ; 0          ; |ASCP|Fetch:inst|irom:inst3                                         ; irom        ; work         ;
;    |busMux2:inst12|                   ; 102 (102)           ; 0 (0)                     ; 0           ; 0          ; 0            ; 0       ; 0         ; 0    ; 0            ; 0          ; |ASCP|busMux2:inst12                                                ; busMux2     ; work         ;
;    |dmem:inst5|                       ; 684 (684)           ; 1024 (1024)               ; 0           ; 0          ; 0            ; 0       ; 0         ; 0    ; 0            ; 0          ; |ASCP|dmem:inst5                                                    ; dmem        ; work         ;
+---------------------------------------+---------------------+---------------------------+-------------+------------+--------------+---------+-----------+------+--------------+------------+---------------------------------------------------------------------+-------------+--------------+
Note: For table entries with two numbers listed, the numbers in parentheses indicate the number of resources of the given type used by the specific entity alone. The numbers listed outside of parentheses indicate the total resources of the given type used by the specific entity and all of its sub-entities in the hierarchy.


+-----------------------------------------------------+
; Analysis & Synthesis DSP Block Usage Summary        ;
+---------------------------------------+-------------+
; Statistic                             ; Number Used ;
+---------------------------------------+-------------+
; Simple Multipliers (9-bit)            ; 0           ;
; Simple Multipliers (18-bit)           ; 3           ;
; Embedded Multiplier Blocks            ; --          ;
; Embedded Multiplier 9-bit elements    ; 6           ;
; Signed Embedded Multipliers           ; 0           ;
; Unsigned Embedded Multipliers         ; 3           ;
; Mixed Sign Embedded Multipliers       ; 0           ;
; Variable Sign Embedded Multipliers    ; 0           ;
; Dedicated Input Shift Register Chains ; 0           ;
+---------------------------------------+-------------+
Note: number of Embedded Multiplier Blocks used is only available after a successful fit.


+------------------------------------------------------+
; General Register Statistics                          ;
+----------------------------------------------+-------+
; Statistic                                    ; Value ;
+----------------------------------------------+-------+
; Total registers                              ; 1569  ;
; Number of registers using Synchronous Clear  ; 33    ;
; Number of registers using Synchronous Load   ; 30    ;
; Number of registers using Asynchronous Clear ; 0     ;
; Number of registers using Asynchronous Load  ; 0     ;
; Number of registers using Clock Enable       ; 1538  ;
; Number of registers using Preset             ; 0     ;
+----------------------------------------------+-------+


+-----------------------------------------------------------------------------------------------------------------------------------------------------------------+
; Multiplexer Restructuring Statistics (Restructuring Performed)                                                                                                  ;
+--------------------+-----------+---------------+----------------------+------------------------+------------+---------------------------------------------------+
; Multiplexer Inputs ; Bus Width ; Baseline Area ; Area if Restructured ; Saving if Restructured ; Registered ; Example Multiplexer Output                        ;
+--------------------+-----------+---------------+----------------------+------------------------+------------+---------------------------------------------------+
; 3:1                ; 32 bits   ; 64 LEs        ; 32 LEs               ; 32 LEs                 ; Yes        ; |ASCP|Decode:inst15|regfile:inst23|myregs[15][9]  ;
; 3:1                ; 32 bits   ; 64 LEs        ; 32 LEs               ; 32 LEs                 ; Yes        ; |ASCP|Decode:inst15|regfile:inst23|myregs[14][30] ;
; 3:1                ; 32 bits   ; 64 LEs        ; 32 LEs               ; 32 LEs                 ; Yes        ; |ASCP|Decode:inst15|regfile:inst23|myregs[13][12] ;
; 3:1                ; 32 bits   ; 64 LEs        ; 32 LEs               ; 32 LEs                 ; Yes        ; |ASCP|Decode:inst15|regfile:inst23|myregs[12][25] ;
; 3:1                ; 32 bits   ; 64 LEs        ; 32 LEs               ; 32 LEs                 ; Yes        ; |ASCP|Decode:inst15|regfile:inst23|myregs[11][13] ;
; 3:1                ; 32 bits   ; 64 LEs        ; 32 LEs               ; 32 LEs                 ; Yes        ; |ASCP|Decode:inst15|regfile:inst23|myregs[10][3]  ;
; 3:1                ; 32 bits   ; 64 LEs        ; 32 LEs               ; 32 LEs                 ; Yes        ; |ASCP|Decode:inst15|regfile:inst23|myregs[9][18]  ;
; 3:1                ; 32 bits   ; 64 LEs        ; 32 LEs               ; 32 LEs                 ; Yes        ; |ASCP|Decode:inst15|regfile:inst23|myregs[8][19]  ;
; 3:1                ; 32 bits   ; 64 LEs        ; 32 LEs               ; 32 LEs                 ; Yes        ; |ASCP|Decode:inst15|regfile:inst23|myregs[7][27]  ;
; 3:1                ; 32 bits   ; 64 LEs        ; 32 LEs               ; 32 LEs                 ; Yes        ; |ASCP|Decode:inst15|regfile:inst23|myregs[6][7]   ;
; 3:1                ; 32 bits   ; 64 LEs        ; 32 LEs               ; 32 LEs                 ; Yes        ; |ASCP|Decode:inst15|regfile:inst23|myregs[5][6]   ;
; 3:1                ; 32 bits   ; 64 LEs        ; 32 LEs               ; 32 LEs                 ; Yes        ; |ASCP|Decode:inst15|regfile:inst23|myregs[4][24]  ;
; 3:1                ; 32 bits   ; 64 LEs        ; 32 LEs               ; 32 LEs                 ; Yes        ; |ASCP|Decode:inst15|regfile:inst23|myregs[3][23]  ;
; 3:1                ; 32 bits   ; 64 LEs        ; 32 LEs               ; 32 LEs                 ; Yes        ; |ASCP|Decode:inst15|regfile:inst23|myregs[2][22]  ;
; 3:1                ; 32 bits   ; 64 LEs        ; 32 LEs               ; 32 LEs                 ; Yes        ; |ASCP|Decode:inst15|regfile:inst23|myregs[1][14]  ;
; 3:1                ; 32 bits   ; 64 LEs        ; 32 LEs               ; 32 LEs                 ; Yes        ; |ASCP|Decode:inst15|regfile:inst23|myregs[0][20]  ;
; 4:1                ; 2 bits    ; 4 LEs         ; 4 LEs                ; 0 LEs                  ; Yes        ; |ASCP|Fetch:inst|PC:inst2|Q[1]                    ;
; 4:1                ; 30 bits   ; 60 LEs        ; 60 LEs               ; 0 LEs                  ; Yes        ; |ASCP|Fetch:inst|PC:inst2|Q[31]                   ;
; 3:1                ; 4 bits    ; 8 LEs         ; 8 LEs                ; 0 LEs                  ; No         ; |ASCP|Decode:inst15|RegSRCBmux:inst6|Y[0]         ;
; 3:1                ; 4 bits    ; 8 LEs         ; 8 LEs                ; 0 LEs                  ; No         ; |ASCP|Decode:inst15|RegSRCBmux:inst8|Y[3]         ;
; 3:1                ; 32 bits   ; 64 LEs        ; 64 LEs               ; 0 LEs                  ; No         ; |ASCP|busMux2:inst12|Y[24]                        ;
; 8:1                ; 32 bits   ; 160 LEs       ; 128 LEs              ; 32 LEs                 ; No         ; |ASCP|Execute:inst8|ALU:inst|Mux8                 ;
; 16:1               ; 32 bits   ; 320 LEs       ; 320 LEs              ; 0 LEs                  ; No         ; |ASCP|Decode:inst15|regfile:inst23|Mux43          ;
; 16:1               ; 32 bits   ; 320 LEs       ; 320 LEs              ; 0 LEs                  ; No         ; |ASCP|Decode:inst15|regfile:inst23|Mux31          ;
; 6:1                ; 2 bits    ; 8 LEs         ; 8 LEs                ; 0 LEs                  ; No         ; |ASCP|Controller:inst16|ALUS[1]                   ;
+--------------------+-----------+---------------+----------------------+------------------------+------------+---------------------------------------------------+


+----------------------------------------------------------------------------------------+
; Parameter Settings for Inferred Entity Instance: Execute:inst8|ALU:inst|lpm_mult:Mult0 ;
+------------------------------------------------+----------+----------------------------+
; Parameter Name                                 ; Value    ; Type                       ;
+------------------------------------------------+----------+----------------------------+
; AUTO_CARRY_CHAINS                              ; ON       ; AUTO_CARRY                 ;
; IGNORE_CARRY_BUFFERS                           ; OFF      ; IGNORE_CARRY               ;
; AUTO_CASCADE_CHAINS                            ; ON       ; AUTO_CASCADE               ;
; IGNORE_CASCADE_BUFFERS                         ; OFF      ; IGNORE_CASCADE             ;
; LPM_WIDTHA                                     ; 32       ; Untyped                    ;
; LPM_WIDTHB                                     ; 32       ; Untyped                    ;
; LPM_WIDTHP                                     ; 64       ; Untyped                    ;
; LPM_WIDTHR                                     ; 64       ; Untyped                    ;
; LPM_WIDTHS                                     ; 1        ; Untyped                    ;
; LPM_REPRESENTATION                             ; UNSIGNED ; Untyped                    ;
; LPM_PIPELINE                                   ; 0        ; Untyped                    ;
; LATENCY                                        ; 0        ; Untyped                    ;
; INPUT_A_IS_CONSTANT                            ; NO       ; Untyped                    ;
; INPUT_B_IS_CONSTANT                            ; NO       ; Untyped                    ;
; USE_EAB                                        ; OFF      ; Untyped                    ;
; MAXIMIZE_SPEED                                 ; 5        ; Untyped                    ;
; DEVICE_FAMILY                                  ; MAX 10   ; Untyped                    ;
; CARRY_CHAIN                                    ; MANUAL   ; Untyped                    ;
; APEX20K_TECHNOLOGY_MAPPER                      ; LUT      ; TECH_MAPPER_APEX20K        ;
; DEDICATED_MULTIPLIER_CIRCUITRY                 ; AUTO     ; Untyped                    ;
; DEDICATED_MULTIPLIER_MIN_INPUT_WIDTH_FOR_AUTO  ; 0        ; Untyped                    ;
; DEDICATED_MULTIPLIER_MIN_OUTPUT_WIDTH_FOR_AUTO ; 0        ; Untyped                    ;
; CBXI_PARAMETER                                 ; mult_tns ; Untyped                    ;
; INPUT_A_FIXED_VALUE                            ; Bx       ; Untyped                    ;
; INPUT_B_FIXED_VALUE                            ; Bx       ; Untyped                    ;
; USE_AHDL_IMPLEMENTATION                        ; OFF      ; Untyped                    ;
+------------------------------------------------+----------+----------------------------+
Note: In order to hide this table in the UI and the text report file, please set the "Show Parameter Settings in Synthesis Report" option in "Analysis and Synthesis Settings -> More Settings" to "Off".


+-------------------------------------------------------------------------------+
; lpm_mult Parameter Settings by Entity Instance                                ;
+---------------------------------------+---------------------------------------+
; Name                                  ; Value                                 ;
+---------------------------------------+---------------------------------------+
; Number of entity instances            ; 1                                     ;
; Entity Instance                       ; Execute:inst8|ALU:inst|lpm_mult:Mult0 ;
;     -- LPM_WIDTHA                     ; 32                                    ;
;     -- LPM_WIDTHB                     ; 32                                    ;
;     -- LPM_WIDTHP                     ; 64                                    ;
;     -- LPM_REPRESENTATION             ; UNSIGNED                              ;
;     -- INPUT_A_IS_CONSTANT            ; NO                                    ;
;     -- INPUT_B_IS_CONSTANT            ; NO                                    ;
;     -- USE_EAB                        ; OFF                                   ;
;     -- DEDICATED_MULTIPLIER_CIRCUITRY ; AUTO                                  ;
;     -- INPUT_A_FIXED_VALUE            ; Bx                                    ;
;     -- INPUT_B_FIXED_VALUE            ; Bx                                    ;
+---------------------------------------+---------------------------------------+


+-----------------------------------------------------+
; Post-Synthesis Netlist Statistics for Top Partition ;
+-----------------------+-----------------------------+
; Type                  ; Count                       ;
+-----------------------+-----------------------------+
; boundary_port         ; 246                         ;
; cycloneiii_ff         ; 1569                        ;
;     ENA               ; 1536                        ;
;     ENA SCLR          ; 2                           ;
;     SCLR              ; 1                           ;
;     SCLR SLD          ; 30                          ;
; cycloneiii_lcell_comb ; 2045                        ;
;     arith             ; 146                         ;
;         2 data inputs ; 57                          ;
;         3 data inputs ; 89                          ;
;     normal            ; 1899                        ;
;         0 data inputs ; 2                           ;
;         1 data inputs ; 10                          ;
;         2 data inputs ; 52                          ;
;         3 data inputs ; 118                         ;
;         4 data inputs ; 1717                        ;
; cycloneiii_mac_mult   ; 3                           ;
; cycloneiii_mac_out    ; 3                           ;
;                       ;                             ;
; Max LUT depth         ; 23.30                       ;
; Average LUT depth     ; 13.85                       ;
+-----------------------+-----------------------------+


+-------------------------------+
; Elapsed Time Per Partition    ;
+----------------+--------------+
; Partition Name ; Elapsed Time ;
+----------------+--------------+
; Top            ; 00:00:08     ;
+----------------+--------------+


+-------------------------------+
; Analysis & Synthesis Messages ;
+-------------------------------+
Info: *******************************************************************
Info: Running Quartus Prime Analysis & Synthesis
    Info: Version 18.0.0 Build 614 04/24/2018 SJ Lite Edition
    Info: Processing started: Thu May 16 12:28:43 2019
Info: Command: quartus_map --read_settings_files=on --write_settings_files=off ASCP -c ASCP
Warning (18236): Number of processors has not been specified which may cause overloading on shared machines.  Set the global assignment NUM_PARALLEL_PROCESSORS in your QSF to an appropriate value for best performance.
Info (20030): Parallel compilation is enabled and will use 4 of the 4 processors detected
Info (12021): Found 1 design units, including 1 entities, in source file ascp.bdf
    Info (12023): Found entity 1: ASCP
Info (12021): Found 2 design units, including 1 entities, in source file regsrcbmux.vhd
    Info (12022): Found design unit 1: RegSRCBmux-behavioral File: C:/School/CE1921/Lab 9 - Advanced Single Cycle ARMv4/RegSRCBmux.vhd Line: 15
    Info (12023): Found entity 1: RegSRCBmux File: C:/School/CE1921/Lab 9 - Advanced Single Cycle ARMv4/RegSRCBmux.vhd Line: 7
Info (12021): Found 2 design units, including 1 entities, in source file regfile.vhd
    Info (12022): Found design unit 1: regfile-behavioral File: C:/School/CE1921/Lab 9 - Advanced Single Cycle ARMv4/regfile.vhd Line: 28
    Info (12023): Found entity 1: regfile File: C:/School/CE1921/Lab 9 - Advanced Single Cycle ARMv4/regfile.vhd Line: 15
Info (12021): Found 2 design units, including 1 entities, in source file reg4.vhd
    Info (12022): Found design unit 1: Reg4-behavioral File: C:/School/CE1921/Lab 9 - Advanced Single Cycle ARMv4/Reg4.vhd Line: 14
    Info (12023): Found entity 1: Reg4 File: C:/School/CE1921/Lab 9 - Advanced Single Cycle ARMv4/Reg4.vhd Line: 6
Info (12021): Found 2 design units, including 1 entities, in source file pc.vhd
    Info (12022): Found design unit 1: PC-dataflow File: C:/School/CE1921/Lab 9 - Advanced Single Cycle ARMv4/PC.vhd Line: 15
    Info (12023): Found entity 1: PC File: C:/School/CE1921/Lab 9 - Advanced Single Cycle ARMv4/PC.vhd Line: 7
Info (12021): Found 2 design units, including 1 entities, in source file irom.vhd
    Info (12022): Found design unit 1: irom-dataflow File: C:/School/CE1921/Lab 9 - Advanced Single Cycle ARMv4/irom.vhd Line: 40
    Info (12023): Found entity 1: irom File: C:/School/CE1921/Lab 9 - Advanced Single Cycle ARMv4/irom.vhd Line: 35
Info (12021): Found 1 design units, including 1 entities, in source file fetch.bdf
    Info (12023): Found entity 1: Fetch
Info (12021): Found 2 design units, including 1 entities, in source file extender.vhd
    Info (12022): Found design unit 1: Extender-dataflow File: C:/School/CE1921/Lab 9 - Advanced Single Cycle ARMv4/Extender.vhd Line: 16
    Info (12023): Found entity 1: Extender File: C:/School/CE1921/Lab 9 - Advanced Single Cycle ARMv4/Extender.vhd Line: 8
Info (12021): Found 2 design units, including 1 entities, in source file dmem.vhd
    Info (12022): Found design unit 1: dmem-behavioral File: C:/School/CE1921/Lab 9 - Advanced Single Cycle ARMv4/dmem.vhd Line: 48
    Info (12023): Found entity 1: dmem File: C:/School/CE1921/Lab 9 - Advanced Single Cycle ARMv4/dmem.vhd Line: 36
Info (12021): Found 1 design units, including 1 entities, in source file decode.bdf
    Info (12023): Found entity 1: Decode
Info (12021): Found 2 design units, including 1 entities, in source file controller.vhd
    Info (12022): Found design unit 1: Controller-dataflow File: C:/School/CE1921/Lab 9 - Advanced Single Cycle ARMv4/Controller.vhd Line: 24
    Info (12023): Found entity 1: Controller File: C:/School/CE1921/Lab 9 - Advanced Single Cycle ARMv4/Controller.vhd Line: 6
Info (12021): Found 2 design units, including 1 entities, in source file constant8.vhd
    Info (12022): Found design unit 1: Constant8-dataflow File: C:/School/CE1921/Lab 9 - Advanced Single Cycle ARMv4/Constant8.vhd Line: 15
    Info (12023): Found entity 1: Constant8 File: C:/School/CE1921/Lab 9 - Advanced Single Cycle ARMv4/Constant8.vhd Line: 9
Info (12021): Found 2 design units, including 1 entities, in source file constant4.vhd
    Info (12022): Found design unit 1: Constant4-dataflow File: C:/School/CE1921/Lab 9 - Advanced Single Cycle ARMv4/Constant4.vhd Line: 14
    Info (12023): Found entity 1: Constant4 File: C:/School/CE1921/Lab 9 - Advanced Single Cycle ARMv4/Constant4.vhd Line: 8
Info (12021): Found 2 design units, including 1 entities, in source file busmux2.vhd
    Info (12022): Found design unit 1: busMux2-dataflow File: C:/School/CE1921/Lab 9 - Advanced Single Cycle ARMv4/busMux2.vhd Line: 13
    Info (12023): Found entity 1: busMux2 File: C:/School/CE1921/Lab 9 - Advanced Single Cycle ARMv4/busMux2.vhd Line: 5
Info (12021): Found 2 design units, including 1 entities, in source file barrelshifter.vhd
    Info (12022): Found design unit 1: barrelShifter-dataflow File: C:/School/CE1921/Lab 9 - Advanced Single Cycle ARMv4/barrelShifter.vhd Line: 17
    Info (12023): Found entity 1: barrelShifter File: C:/School/CE1921/Lab 9 - Advanced Single Cycle ARMv4/barrelShifter.vhd Line: 9
Info (12021): Found 2 design units, including 1 entities, in source file alu.vhd
    Info (12022): Found design unit 1: ALU-dataflow File: C:/School/CE1921/Lab 9 - Advanced Single Cycle ARMv4/ALU.vhd Line: 19
    Info (12023): Found entity 1: ALU File: C:/School/CE1921/Lab 9 - Advanced Single Cycle ARMv4/ALU.vhd Line: 7
Info (12021): Found 2 design units, including 1 entities, in source file adder.vhd
    Info (12022): Found design unit 1: Adder-dataflow File: C:/School/CE1921/Lab 9 - Advanced Single Cycle ARMv4/Adder.vhd Line: 15
    Info (12023): Found entity 1: Adder File: C:/School/CE1921/Lab 9 - Advanced Single Cycle ARMv4/Adder.vhd Line: 7
Info (12021): Found 1 design units, including 1 entities, in source file execute.bdf
    Info (12023): Found entity 1: Execute
Info (12021): Found 2 design units, including 1 entities, in source file constant14.vhd
    Info (12022): Found design unit 1: Constant14-dataflow File: C:/School/CE1921/Lab 9 - Advanced Single Cycle ARMv4/Constant14.vhd Line: 14
    Info (12023): Found entity 1: Constant14 File: C:/School/CE1921/Lab 9 - Advanced Single Cycle ARMv4/Constant14.vhd Line: 8
Info (12127): Elaborating entity "ASCP" for the top level hierarchy
Info (12128): Elaborating entity "Controller" for hierarchy "Controller:inst16"
Warning (10036): Verilog HDL or VHDL warning at Controller.vhd(28): object "U" assigned a value but never read File: C:/School/CE1921/Lab 9 - Advanced Single Cycle ARMv4/Controller.vhd Line: 28
Warning (10036): Verilog HDL or VHDL warning at Controller.vhd(30): object "W" assigned a value but never read File: C:/School/CE1921/Lab 9 - Advanced Single Cycle ARMv4/Controller.vhd Line: 30
Info (12128): Elaborating entity "Execute" for hierarchy "Execute:inst8"
Info (12128): Elaborating entity "Reg4" for hierarchy "Execute:inst8|Reg4:inst1"
Info (12128): Elaborating entity "ALU" for hierarchy "Execute:inst8|ALU:inst"
Info (12128): Elaborating entity "busMux2" for hierarchy "Execute:inst8|busMux2:inst2"
Info (12128): Elaborating entity "Decode" for hierarchy "Decode:inst15"
Info (12128): Elaborating entity "Adder" for hierarchy "Decode:inst15|Adder:inst3"
Info (12128): Elaborating entity "barrelShifter" for hierarchy "Decode:inst15|barrelShifter:inst2"
Info (12128): Elaborating entity "Extender" for hierarchy "Decode:inst15|Extender:inst1"
Info (12128): Elaborating entity "regfile" for hierarchy "Decode:inst15|regfile:inst23"
Info (12128): Elaborating entity "RegSRCBmux" for hierarchy "Decode:inst15|RegSRCBmux:inst5"
Warning (10492): VHDL Process Statement warning at RegSRCBmux.vhd(20): signal "D1" is read inside the Process Statement but isn't in the Process Statement's sensitivity list File: C:/School/CE1921/Lab 9 - Advanced Single Cycle ARMv4/RegSRCBmux.vhd Line: 20
Warning (10492): VHDL Process Statement warning at RegSRCBmux.vhd(22): signal "D0" is read inside the Process Statement but isn't in the Process Statement's sensitivity list File: C:/School/CE1921/Lab 9 - Advanced Single Cycle ARMv4/RegSRCBmux.vhd Line: 22
Info (12128): Elaborating entity "Constant14" for hierarchy "Decode:inst15|Constant14:inst4"
Info (12128): Elaborating entity "Fetch" for hierarchy "Fetch:inst"
Info (12128): Elaborating entity "irom" for hierarchy "Fetch:inst|irom:inst3"
Info (12128): Elaborating entity "PC" for hierarchy "Fetch:inst|PC:inst2"
Info (12128): Elaborating entity "Constant4" for hierarchy "Fetch:inst|Constant4:inst"
Info (12128): Elaborating entity "Constant8" for hierarchy "Fetch:inst|Constant8:inst1"
Info (12128): Elaborating entity "dmem" for hierarchy "dmem:inst5"
Info (276014): Found 1 instances of uninferred RAM logic
    Info (276007): RAM logic "dmem:inst5|MEMARRAY" is uninferred due to asynchronous read logic File: C:/School/CE1921/Lab 9 - Advanced Single Cycle ARMv4/dmem.vhd Line: 50
Info (278001): Inferred 1 megafunctions from design logic
    Info (278003): Inferred multiplier megafunction ("lpm_mult") from the following logic: "Execute:inst8|ALU:inst|Mult0" File: c:/intelfpga_lite/18.0/quartus/libraries/vhdl/synopsys/ieee/syn_arit.vhd Line: 687
Info (12130): Elaborated megafunction instantiation "Execute:inst8|ALU:inst|lpm_mult:Mult0" File: c:/intelfpga_lite/18.0/quartus/libraries/vhdl/synopsys/ieee/syn_arit.vhd Line: 687
Info (12133): Instantiated megafunction "Execute:inst8|ALU:inst|lpm_mult:Mult0" with the following parameter: File: c:/intelfpga_lite/18.0/quartus/libraries/vhdl/synopsys/ieee/syn_arit.vhd Line: 687
    Info (12134): Parameter "LPM_WIDTHA" = "32"
    Info (12134): Parameter "LPM_WIDTHB" = "32"
    Info (12134): Parameter "LPM_WIDTHP" = "64"
    Info (12134): Parameter "LPM_WIDTHR" = "64"
    Info (12134): Parameter "LPM_WIDTHS" = "1"
    Info (12134): Parameter "LPM_REPRESENTATION" = "UNSIGNED"
    Info (12134): Parameter "INPUT_A_IS_CONSTANT" = "NO"
    Info (12134): Parameter "INPUT_B_IS_CONSTANT" = "NO"
    Info (12134): Parameter "MAXIMIZE_SPEED" = "5"
Info (12021): Found 1 design units, including 1 entities, in source file db/mult_tns.tdf
    Info (12023): Found entity 1: mult_tns File: C:/School/CE1921/Lab 9 - Advanced Single Cycle ARMv4/db/mult_tns.tdf Line: 30
Warning (14284): Synthesized away the following node(s):
    Warning (14285): Synthesized away the following DSP element node(s):
        Warning (14320): Synthesized away node "Execute:inst8|ALU:inst|lpm_mult:Mult0|mult_tns:auto_generated|mac_mult7" File: C:/School/CE1921/Lab 9 - Advanced Single Cycle ARMv4/db/mult_tns.tdf Line: 66
        Warning (14320): Synthesized away node "Execute:inst8|ALU:inst|lpm_mult:Mult0|mult_tns:auto_generated|mac_out8" File: C:/School/CE1921/Lab 9 - Advanced Single Cycle ARMv4/db/mult_tns.tdf Line: 90
Info (13014): Ignored 84 buffer(s)
    Info (13019): Ignored 84 SOFT buffer(s)
Warning (13024): Output pins are stuck at VCC or GND
    Warning (13410): Pin "ALUS[3]" is stuck at GND
    Warning (13410): Pin "PCWR" is stuck at VCC
    Warning (13410): Pin "ROTATE[3]" is stuck at GND
    Warning (13410): Pin "ROTATE[2]" is stuck at GND
    Warning (13410): Pin "ROTATE[1]" is stuck at GND
    Warning (13410): Pin "ROTATE[0]" is stuck at GND
Info (286030): Timing-Driven Synthesis is running
Info (16010): Generating hard_block partition "hard_block:auto_generated_inst"
    Info (16011): Adding 0 node(s), including 0 DDIO, 0 PLL, 0 transceiver and 0 LCELL
Info (21057): Implemented 3823 device resources after synthesis - the final resource count might be different
    Info (21058): Implemented 2 input pins
    Info (21059): Implemented 244 output pins
    Info (21061): Implemented 3571 logic cells
    Info (21062): Implemented 6 DSP elements
Info: Quartus Prime Analysis & Synthesis was successful. 0 errors, 16 warnings
    Info: Peak virtual memory: 4824 megabytes
    Info: Processing ended: Thu May 16 12:29:03 2019
    Info: Elapsed time: 00:00:20
    Info: Total CPU time (on all processors): 00:00:32


